{"total": {"lines":{"total":1932,"covered":552,"skipped":0,"pct":28.57},"statements":{"total":2031,"covered":574,"skipped":0,"pct":28.26},"functions":{"total":259,"covered":67,"skipped":0,"pct":25.86},"branches":{"total":1136,"covered":287,"skipped":0,"pct":25.26},"branchesTrue":{"total":0,"covered":0,"skipped":0,"pct":100}}
,"/Users/blainemcdonnell/git/ai-reviewer/src/assert.ts": {"lines":{"total":279,"covered":94,"skipped":0,"pct":33.69},"functions":{"total":34,"covered":10,"skipped":0,"pct":29.41},"statements":{"total":303,"covered":101,"skipped":0,"pct":33.33},"branches":{"total":147,"covered":36,"skipped":0,"pct":24.48}}
,"/Users/blainemcdonnell/git/ai-reviewer/src/bundled.ts": {"lines":{"total":74,"covered":49,"skipped":0,"pct":66.21},"functions":{"total":9,"covered":8,"skipped":0,"pct":88.88},"statements":{"total":75,"covered":50,"skipped":0,"pct":66.66},"branches":{"total":34,"covered":13,"skipped":0,"pct":38.23}}
,"/Users/blainemcdonnell/git/ai-reviewer/src/claude-directory.ts": {"lines":{"total":199,"covered":0,"skipped":0,"pct":0},"functions":{"total":16,"covered":0,"skipped":0,"pct":0},"statements":{"total":203,"covered":0,"skipped":0,"pct":0},"branches":{"total":65,"covered":0,"skipped":0,"pct":0}}
,"/Users/blainemcdonnell/git/ai-reviewer/src/diff.ts": {"lines":{"total":177,"covered":133,"skipped":0,"pct":75.14},"functions":{"total":13,"covered":10,"skipped":0,"pct":76.92},"statements":{"total":185,"covered":138,"skipped":0,"pct":74.59},"branches":{"total":127,"covered":77,"skipped":0,"pct":60.62}}
,"/Users/blainemcdonnell/git/ai-reviewer/src/github-checks.ts": {"lines":{"total":129,"covered":0,"skipped":0,"pct":0},"functions":{"total":28,"covered":0,"skipped":0,"pct":0},"statements":{"total":138,"covered":0,"skipped":0,"pct":0},"branches":{"total":131,"covered":0,"skipped":0,"pct":0}}
,"/Users/blainemcdonnell/git/ai-reviewer/src/github.ts": {"lines":{"total":128,"covered":0,"skipped":0,"pct":0},"functions":{"total":15,"covered":0,"skipped":0,"pct":0},"statements":{"total":138,"covered":0,"skipped":0,"pct":0},"branches":{"total":59,"covered":0,"skipped":0,"pct":0}}
,"/Users/blainemcdonnell/git/ai-reviewer/src/lib.ts": {"lines":{"total":75,"covered":0,"skipped":0,"pct":0},"functions":{"total":28,"covered":0,"skipped":0,"pct":0},"statements":{"total":83,"covered":0,"skipped":0,"pct":0},"branches":{"total":32,"covered":0,"skipped":0,"pct":0}}
,"/Users/blainemcdonnell/git/ai-reviewer/src/license.ts": {"lines":{"total":145,"covered":116,"skipped":0,"pct":80},"functions":{"total":24,"covered":18,"skipped":0,"pct":75},"statements":{"total":156,"covered":120,"skipped":0,"pct":76.92},"branches":{"total":164,"covered":102,"skipped":0,"pct":62.19}}
,"/Users/blainemcdonnell/git/ai-reviewer/src/mcp.ts": {"lines":{"total":16,"covered":0,"skipped":0,"pct":0},"functions":{"total":3,"covered":0,"skipped":0,"pct":0},"statements":{"total":19,"covered":0,"skipped":0,"pct":0},"branches":{"total":6,"covered":0,"skipped":0,"pct":0}}
,"/Users/blainemcdonnell/git/ai-reviewer/src/rules.ts": {"lines":{"total":93,"covered":71,"skipped":0,"pct":76.34},"functions":{"total":20,"covered":11,"skipped":0,"pct":55},"statements":{"total":98,"covered":73,"skipped":0,"pct":74.48},"branches":{"total":42,"covered":30,"skipped":0,"pct":71.42}}
,"/Users/blainemcdonnell/git/ai-reviewer/src/secrets.ts": {"lines":{"total":131,"covered":89,"skipped":0,"pct":67.93},"functions":{"total":14,"covered":10,"skipped":0,"pct":71.42},"statements":{"total":136,"covered":92,"skipped":0,"pct":67.64},"branches":{"total":68,"covered":29,"skipped":0,"pct":42.64}}
,"/Users/blainemcdonnell/git/ai-reviewer/src/server.ts": {"lines":{"total":308,"covered":0,"skipped":0,"pct":0},"functions":{"total":34,"covered":0,"skipped":0,"pct":0},"statements":{"total":317,"covered":0,"skipped":0,"pct":0},"branches":{"total":192,"covered":0,"skipped":0,"pct":0}}
,"/Users/blainemcdonnell/git/ai-reviewer/src/middleware/performance.ts": {"lines":{"total":91,"covered":0,"skipped":0,"pct":0},"functions":{"total":11,"covered":0,"skipped":0,"pct":0},"statements":{"total":92,"covered":0,"skipped":0,"pct":0},"branches":{"total":41,"covered":0,"skipped":0,"pct":0}}
,"/Users/blainemcdonnell/git/ai-reviewer/src/middleware/security.ts": {"lines":{"total":61,"covered":0,"skipped":0,"pct":0},"functions":{"total":9,"covered":0,"skipped":0,"pct":0},"statements":{"total":62,"covered":0,"skipped":0,"pct":0},"branches":{"total":26,"covered":0,"skipped":0,"pct":0}}
,"/Users/blainemcdonnell/git/ai-reviewer/src/types/api.ts": {"lines":{"total":26,"covered":0,"skipped":0,"pct":0},"functions":{"total":1,"covered":0,"skipped":0,"pct":0},"statements":{"total":26,"covered":0,"skipped":0,"pct":0},"branches":{"total":2,"covered":0,"skipped":0,"pct":0}}
}
