TN:
SF:src/assert.ts
FN:55,assertCompliance
FN:76,(anonymous_1)
FN:77,(anonymous_2)
FN:94,(anonymous_3)
FN:95,(anonymous_4)
FN:96,(anonymous_5)
FN:97,(anonymous_6)
FN:102,(anonymous_7)
FN:109,(anonymous_8)
FN:116,(anonymous_9)
FN:123,(anonymous_10)
FN:142,(anonymous_11)
FN:143,(anonymous_12)
FN:161,(anonymous_13)
FN:168,(anonymous_14)
FN:175,(anonymous_15)
FN:188,(anonymous_16)
FN:189,(anonymous_17)
FN:194,(anonymous_18)
FN:201,(anonymous_19)
FN:227,(anonymous_20)
FN:256,(anonymous_21)
FN:278,(anonymous_22)
FN:385,(anonymous_23)
FN:408,parseChangedFiles
FN:423,countMatches
FN:428,truncate
FN:432,extractDirectiveLines
FN:433,(anonymous_28)
FN:436,collectAddedHunksByFile
FN:485,collectAddedLinesWithNumbersByFile
FN:519,extToLang
FN:545,canonicalToLangRegex
FN:566,parseDirectives
FNF:34
FNH:10
FNDA:2,assertCompliance
FNDA:1,(anonymous_1)
FNDA:1,(anonymous_2)
FNDA:0,(anonymous_3)
FNDA:0,(anonymous_4)
FNDA:0,(anonymous_5)
FNDA:0,(anonymous_6)
FNDA:0,(anonymous_7)
FNDA:0,(anonymous_8)
FNDA:0,(anonymous_9)
FNDA:0,(anonymous_10)
FNDA:0,(anonymous_11)
FNDA:0,(anonymous_12)
FNDA:0,(anonymous_13)
FNDA:0,(anonymous_14)
FNDA:0,(anonymous_15)
FNDA:0,(anonymous_16)
FNDA:0,(anonymous_17)
FNDA:0,(anonymous_18)
FNDA:0,(anonymous_19)
FNDA:0,(anonymous_20)
FNDA:0,(anonymous_21)
FNDA:0,(anonymous_22)
FNDA:6,(anonymous_23)
FNDA:2,parseChangedFiles
FNDA:0,countMatches
FNDA:6,truncate
FNDA:4,extractDirectiveLines
FNDA:56,(anonymous_28)
FNDA:0,collectAddedHunksByFile
FNDA:1,collectAddedLinesWithNumbersByFile
FNDA:0,extToLang
FNDA:0,canonicalToLangRegex
FNDA:2,parseDirectives
DA:1,1
DA:2,1
DA:52,1
DA:53,1
DA:55,1
DA:74,2
DA:75,2
DA:76,2
DA:77,2
DA:78,2
DA:79,2
DA:80,2
DA:83,2
DA:89,2
DA:90,2
DA:92,2
DA:94,0
DA:95,0
DA:96,0
DA:97,0
DA:99,0
DA:100,0
DA:102,0
DA:106,0
DA:107,0
DA:109,0
DA:113,0
DA:114,0
DA:116,0
DA:120,0
DA:121,0
DA:123,0
DA:128,0
DA:129,0
DA:137,2
DA:138,2
DA:140,2
DA:141,0
DA:142,0
DA:143,0
DA:145,0
DA:146,0
DA:153,0
DA:154,0
DA:155,0
DA:156,0
DA:158,0
DA:159,0
DA:161,0
DA:165,0
DA:166,0
DA:168,0
DA:172,0
DA:173,0
DA:175,0
DA:180,0
DA:183,0
DA:184,0
DA:185,0
DA:188,0
DA:189,0
DA:191,0
DA:192,0
DA:194,0
DA:198,0
DA:199,0
DA:201,0
DA:207,0
DA:208,0
DA:209,0
DA:218,0
DA:219,0
DA:225,0
DA:226,0
DA:227,0
DA:229,0
DA:237,2
DA:238,2
DA:243,2
DA:245,2
DA:246,1
DA:253,2
DA:254,0
DA:255,0
DA:256,0
DA:257,0
DA:258,0
DA:264,2
DA:265,0
DA:266,0
DA:267,0
DA:268,0
DA:269,0
DA:275,2
DA:276,0
DA:277,0
DA:278,0
DA:279,0
DA:280,0
DA:286,2
DA:287,1
DA:288,1
DA:289,1
DA:296,2
DA:297,1
DA:298,1
DA:299,1
DA:300,1
DA:301,1
DA:302,2
DA:303,2
DA:304,0
DA:313,2
DA:314,0
DA:315,0
DA:316,0
DA:317,0
DA:318,0
DA:319,0
DA:320,0
DA:321,0
DA:331,2
DA:332,2
DA:333,0
DA:335,2
DA:336,0
DA:337,0
DA:338,0
DA:339,0
DA:340,0
DA:341,0
DA:342,0
DA:343,0
DA:350,0
DA:351,0
DA:352,0
DA:353,0
DA:354,0
DA:355,0
DA:356,0
DA:357,0
DA:364,0
DA:368,0
DA:369,0
DA:370,0
DA:371,0
DA:372,0
DA:373,0
DA:374,0
DA:375,0
DA:376,0
DA:377,0
DA:385,6
DA:391,2
DA:409,2
DA:410,2
DA:411,2
DA:412,7
DA:413,7
DA:414,7
DA:415,7
DA:416,0
DA:417,0
DA:420,2
DA:424,0
DA:425,0
DA:429,6
DA:433,56
DA:437,0
DA:438,0
DA:439,0
DA:440,0
DA:441,0
DA:442,0
DA:443,0
DA:444,0
DA:445,0
DA:446,0
DA:448,0
DA:449,0
DA:450,0
DA:452,0
DA:453,0
DA:454,0
DA:455,0
DA:456,0
DA:457,0
DA:458,0
DA:460,0
DA:461,0
DA:462,0
DA:464,0
DA:465,0
DA:466,0
DA:467,0
DA:468,0
DA:469,0
DA:470,0
DA:472,0
DA:473,0
DA:477,0
DA:478,0
DA:479,0
DA:480,0
DA:482,0
DA:488,1
DA:489,1
DA:490,1
DA:491,1
DA:492,1
DA:493,6
DA:494,0
DA:495,0
DA:497,6
DA:498,6
DA:499,1
DA:500,1
DA:501,1
DA:503,5
DA:504,5
DA:505,1
DA:506,1
DA:508,4
DA:509,3
DA:510,2
DA:511,2
DA:512,1
DA:513,1
DA:516,1
DA:520,0
DA:521,0
DA:522,0
DA:542,0
DA:546,0
DA:547,0
DA:563,0
DA:567,2
DA:568,2
DA:583,2
DA:584,4
DA:585,4
DA:586,4
DA:587,4
DA:588,4
DA:589,4
DA:590,4
DA:591,4
DA:593,0
DA:594,0
DA:596,2
DA:597,0
DA:599,0
DA:600,0
DA:602,1
DA:603,1
DA:605,0
DA:606,0
DA:608,0
DA:609,0
DA:611,0
DA:612,0
DA:614,0
DA:615,0
DA:617,1
DA:618,1
DA:620,0
DA:621,0
DA:623,0
DA:624,0
DA:626,0
DA:627,0
DA:628,0
DA:629,0
DA:630,0
DA:632,0
DA:634,0
DA:635,0
DA:637,0
DA:641,2
LF:279
LH:94
BRDA:67,0,0,1
BRDA:68,1,0,0
BRDA:69,2,0,2
BRDA:70,3,0,1
BRDA:71,4,0,2
BRDA:72,5,0,2
BRDA:86,6,0,2
BRDA:86,6,1,0
BRDA:92,7,0,0
BRDA:99,8,0,0
BRDA:106,9,0,0
BRDA:113,10,0,0
BRDA:120,11,0,0
BRDA:130,12,0,0
BRDA:130,12,1,0
BRDA:130,13,0,0
BRDA:130,13,1,0
BRDA:140,14,0,0
BRDA:140,15,0,2
BRDA:140,15,1,0
BRDA:145,16,0,0
BRDA:153,17,0,0
BRDA:158,18,0,0
BRDA:165,19,0,0
BRDA:172,20,0,0
BRDA:184,21,0,0
BRDA:191,22,0,0
BRDA:198,23,0,0
BRDA:207,24,0,0
BRDA:218,25,0,0
BRDA:225,26,0,0
BRDA:237,27,0,2
BRDA:245,28,0,1
BRDA:245,29,0,2
BRDA:245,29,1,1
BRDA:245,29,2,1
BRDA:253,30,0,0
BRDA:257,31,0,0
BRDA:264,32,0,0
BRDA:268,33,0,0
BRDA:275,34,0,0
BRDA:279,35,0,0
BRDA:286,36,0,1
BRDA:288,37,0,1
BRDA:288,38,0,1
BRDA:288,38,1,1
BRDA:288,38,2,1
BRDA:296,39,0,1
BRDA:300,40,0,0
BRDA:303,41,0,0
BRDA:313,42,0,0
BRDA:317,43,0,0
BRDA:318,44,0,0
BRDA:318,44,1,0
BRDA:320,45,0,0
BRDA:332,46,0,0
BRDA:335,47,0,0
BRDA:336,48,0,0
BRDA:339,49,0,0
BRDA:342,50,0,0
BRDA:350,51,0,0
BRDA:353,52,0,0
BRDA:356,53,0,0
BRDA:364,54,0,0
BRDA:365,55,0,0
BRDA:365,55,1,0
BRDA:370,56,0,0
BRDA:372,57,0,0
BRDA:373,58,0,0
BRDA:373,58,1,0
BRDA:374,59,0,0
BRDA:376,60,0,0
BRDA:385,61,0,2
BRDA:385,61,1,0
BRDA:414,62,0,1
BRDA:415,63,0,0
BRDA:424,64,0,0
BRDA:424,64,1,0
BRDA:425,65,0,0
BRDA:425,65,1,0
BRDA:429,66,0,6
BRDA:429,66,1,0
BRDA:442,67,0,0
BRDA:443,68,0,0
BRDA:443,69,0,0
BRDA:443,69,1,0
BRDA:444,70,0,0
BRDA:444,70,1,0
BRDA:453,71,0,0
BRDA:454,72,0,0
BRDA:454,73,0,0
BRDA:454,73,1,0
BRDA:455,74,0,0
BRDA:455,74,1,0
BRDA:461,75,0,0
BRDA:464,76,0,0
BRDA:465,77,0,0
BRDA:465,77,1,0
BRDA:466,78,0,0
BRDA:467,79,0,0
BRDA:467,79,1,0
BRDA:472,80,0,0
BRDA:472,81,0,0
BRDA:472,81,1,0
BRDA:477,82,0,0
BRDA:477,83,0,0
BRDA:477,83,1,0
BRDA:478,84,0,0
BRDA:478,84,1,0
BRDA:493,85,0,0
BRDA:498,86,0,1
BRDA:500,87,0,1
BRDA:504,88,0,1
BRDA:505,89,0,1
BRDA:505,89,1,0
BRDA:508,90,0,1
BRDA:509,91,0,2
BRDA:509,91,1,1
BRDA:509,92,0,3
BRDA:509,92,1,2
BRDA:512,93,0,1
BRDA:512,94,0,1
BRDA:512,94,1,0
BRDA:521,95,0,0
BRDA:521,95,1,0
BRDA:542,96,0,0
BRDA:542,96,1,0
BRDA:585,97,0,0
BRDA:588,98,0,4
BRDA:588,98,1,0
BRDA:591,99,0,0
BRDA:591,99,1,2
BRDA:591,99,2,0
BRDA:591,99,3,1
BRDA:591,99,4,0
BRDA:591,99,5,0
BRDA:591,99,6,0
BRDA:591,99,7,0
BRDA:591,99,8,1
BRDA:591,99,9,0
BRDA:591,99,10,0
BRDA:591,99,11,0
BRDA:591,99,12,0
BRDA:591,99,13,0
BRDA:605,100,0,0
BRDA:605,100,1,0
BRDA:627,101,0,0
BRF:147
BRH:36
end_of_record
TN:
SF:src/bundled.ts
FN:41,validateBundledPack
FN:88,listBundled
FN:102,(anonymous_3)
FN:116,getBundledPack
FN:137,(anonymous_5)
FN:138,(anonymous_6)
FN:163,(anonymous_7)
FN:166,(anonymous_8)
FN:185,validateAllBundledPacks
FNF:9
FNH:8
FNDA:1,validateBundledPack
FNDA:1,listBundled
FNDA:6,(anonymous_3)
FNDA:1,getBundledPack
FNDA:2,(anonymous_5)
FNDA:2,(anonymous_6)
FNDA:1,(anonymous_7)
FNDA:1,(anonymous_8)
FNDA:0,validateAllBundledPacks
DA:1,1
DA:2,1
DA:4,1
DA:5,1
DA:41,1
DA:42,1
DA:45,1
DA:46,0
DA:48,1
DA:49,0
DA:51,1
DA:52,0
DA:54,1
DA:55,0
DA:57,1
DA:58,0
DA:63,1
DA:64,1
DA:65,1
DA:66,2
DA:67,2
DA:68,0
DA:71,2
DA:72,2
DA:73,0
DA:79,1
DA:88,1
DA:89,1
DA:90,1
DA:91,0
DA:95,1
DA:96,1
DA:98,0
DA:99,0
DA:102,6
DA:111,1
DA:116,1
DA:117,1
DA:118,1
DA:119,0
DA:123,1
DA:124,1
DA:126,0
DA:129,1
DA:130,1
DA:131,0
DA:135,1
DA:137,1
DA:138,2
DA:139,2
DA:140,2
DA:141,2
DA:142,2
DA:143,2
DA:145,0
DA:148,2
DA:151,1
DA:152,1
DA:155,1
DA:163,1
DA:166,1
DA:169,1
DA:185,1
DA:190,0
DA:191,0
DA:192,0
DA:194,0
DA:195,0
DA:197,0
DA:198,0
DA:199,0
DA:200,0
DA:202,0
DA:206,0
LF:74
LH:49
BRDA:45,0,0,0
BRDA:48,1,0,0
BRDA:51,2,0,0
BRDA:51,2,1,1
BRDA:54,3,0,0
BRDA:57,4,0,0
BRDA:63,5,0,1
BRDA:64,6,0,1
BRDA:64,6,1,0
BRDA:64,7,0,1
BRDA:64,7,1,0
BRDA:67,8,0,0
BRDA:67,8,1,2
BRDA:72,9,0,0
BRDA:90,10,0,0
BRDA:106,11,0,6
BRDA:106,11,1,0
BRDA:107,12,0,6
BRDA:107,12,1,0
BRDA:108,13,0,6
BRDA:108,13,1,0
BRDA:118,14,0,0
BRDA:130,15,0,0
BRDA:141,16,0,2
BRDA:151,17,0,1
BRDA:151,17,1,0
BRDA:152,18,0,1
BRDA:152,18,1,0
BRDA:160,19,0,1
BRDA:160,19,1,0
BRDA:173,20,0,1
BRDA:173,20,1,0
BRDA:199,21,0,0
BRDA:199,21,1,0
BRF:34
BRH:13
end_of_record
TN:
SF:src/claude-directory.ts
FN:66,validatePath
FN:88,getFileType
FN:107,validateFileContent
FN:167,readMainInstructions
FN:198,listClaudeDirectory
FN:288,(anonymous_5)
FN:289,(anonymous_6)
FN:290,(anonymous_7)
FN:302,readClaudeFile
FN:334,writeClaudeFile
FN:366,(anonymous_10)
FN:394,deleteClaudeFile
FN:407,(anonymous_12)
FN:428,executeBatchOperations
FN:504,discoverCommands
FN:528,(anonymous_15)
FNF:16
FNH:0
FNDA:0,validatePath
FNDA:0,getFileType
FNDA:0,validateFileContent
FNDA:0,readMainInstructions
FNDA:0,listClaudeDirectory
FNDA:0,(anonymous_5)
FNDA:0,(anonymous_6)
FNDA:0,(anonymous_7)
FNDA:0,readClaudeFile
FNDA:0,writeClaudeFile
FNDA:0,(anonymous_10)
FNDA:0,deleteClaudeFile
FNDA:0,(anonymous_12)
FNDA:0,executeBatchOperations
FNDA:0,discoverCommands
FNDA:0,(anonymous_15)
DA:56,0
DA:57,0
DA:58,0
DA:59,0
DA:60,0
DA:61,0
DA:67,0
DA:69,0
DA:70,0
DA:73,0
DA:74,0
DA:78,0
DA:81,0
DA:89,0
DA:91,0
DA:92,0
DA:93,0
DA:94,0
DA:95,0
DA:96,0
DA:97,0
DA:98,0
DA:101,0
DA:108,0
DA:114,0
DA:115,0
DA:118,0
DA:119,0
DA:120,0
DA:124,0
DA:126,0
DA:127,0
DA:129,0
DA:132,0
DA:133,0
DA:135,0
DA:138,0
DA:139,0
DA:141,0
DA:144,0
DA:145,0
DA:147,0
DA:151,0
DA:152,0
DA:153,0
DA:157,0
DA:158,0
DA:161,0
DA:168,0
DA:170,0
DA:171,0
DA:173,0
DA:174,0
DA:176,0
DA:185,0
DA:186,0
DA:188,0
DA:190,0
DA:191,0
DA:199,0
DA:200,0
DA:206,0
DA:208,0
DA:209,0
DA:210,0
DA:222,0
DA:223,0
DA:224,0
DA:225,0
DA:226,0
DA:227,0
DA:228,0
DA:238,0
DA:239,0
DA:244,0
DA:245,0
DA:246,0
DA:247,0
DA:248,0
DA:249,0
DA:250,0
DA:260,0
DA:261,0
DA:266,0
DA:267,0
DA:268,0
DA:269,0
DA:270,0
DA:271,0
DA:272,0
DA:282,0
DA:283,0
DA:288,0
DA:289,0
DA:290,0
DA:292,0
DA:294,0
DA:295,0
DA:303,0
DA:305,0
DA:306,0
DA:308,0
DA:309,0
DA:310,0
DA:312,0
DA:321,0
DA:322,0
DA:324,0
DA:326,0
DA:327,0
DA:335,0
DA:337,0
DA:338,0
DA:341,0
DA:342,0
DA:343,0
DA:347,0
DA:348,0
DA:352,0
DA:353,0
DA:354,0
DA:355,0
DA:360,0
DA:361,0
DA:364,0
DA:366,0
DA:367,0
DA:368,0
DA:376,0
DA:377,0
DA:378,0
DA:383,0
DA:386,0
DA:387,0
DA:395,0
DA:397,0
DA:398,0
DA:401,0
DA:402,0
DA:404,0
DA:407,0
DA:408,0
DA:409,0
DA:415,0
DA:416,0
DA:418,0
DA:420,0
DA:421,0
DA:429,0
DA:430,0
DA:432,0
DA:434,0
DA:443,0
DA:444,0
DA:445,0
DA:446,0
DA:447,0
DA:448,0
DA:449,0
DA:453,0
DA:454,0
DA:459,0
DA:460,0
DA:464,0
DA:465,0
DA:466,0
DA:469,0
DA:470,0
DA:474,0
DA:475,0
DA:477,0
DA:478,0
DA:481,0
DA:482,0
DA:485,0
DA:488,0
DA:490,0
DA:491,0
DA:495,0
DA:496,0
DA:498,0
DA:505,0
DA:506,0
DA:508,0
DA:509,0
DA:511,0
DA:512,0
DA:513,0
DA:514,0
DA:515,0
DA:518,0
DA:520,0
DA:523,0
DA:528,0
DA:530,0
DA:531,0
DA:533,0
DA:535,0
DA:536,0
LF:199
LH:0
BRDA:69,0,0,0
BRDA:73,1,0,0
BRDA:78,2,0,0
BRDA:78,3,0,0
BRDA:78,3,1,0
BRDA:78,3,2,0
BRDA:91,4,0,0
BRDA:91,4,1,0
BRDA:93,5,0,0
BRDA:93,5,1,0
BRDA:95,6,0,0
BRDA:95,6,1,0
BRDA:97,7,0,0
BRDA:118,8,0,0
BRDA:124,9,0,0
BRDA:124,9,1,0
BRDA:124,9,2,0
BRDA:124,9,3,0
BRDA:126,10,0,0
BRDA:126,11,0,0
BRDA:126,11,1,0
BRDA:132,12,0,0
BRDA:132,13,0,0
BRDA:132,13,1,0
BRDA:138,14,0,0
BRDA:138,15,0,0
BRDA:138,15,1,0
BRDA:144,16,0,0
BRDA:144,17,0,0
BRDA:144,17,1,0
BRDA:151,18,0,0
BRDA:151,19,0,0
BRDA:151,19,1,0
BRDA:157,20,0,0
BRDA:157,20,1,0
BRDA:185,21,0,0
BRDA:225,22,0,0
BRDA:238,23,0,0
BRDA:247,24,0,0
BRDA:260,25,0,0
BRDA:269,26,0,0
BRDA:282,27,0,0
BRDA:321,28,0,0
BRDA:342,29,0,0
BRDA:364,30,0,0
BRDA:376,31,0,0
BRDA:415,32,0,0
BRDA:446,33,0,0
BRDA:448,34,0,0
BRDA:453,35,0,0
BRDA:453,35,1,0
BRDA:459,36,0,0
BRDA:466,37,0,0
BRDA:466,37,1,0
BRDA:466,37,2,0
BRDA:466,37,3,0
BRDA:466,37,4,0
BRDA:474,38,0,0
BRDA:491,39,0,0
BRDA:491,39,1,0
BRDA:512,40,0,0
BRDA:518,41,0,0
BRDA:518,42,0,0
BRDA:518,42,1,0
BRDA:530,43,0,0
BRF:65
BRH:0
end_of_record
TN:
SF:src/diff.ts
FN:69,normalizeUnifiedDiff
FN:126,(anonymous_1)
FN:127,(anonymous_2)
FN:145,detectDiffFormat
FN:149,(anonymous_4)
FN:161,(anonymous_5)
FN:177,parseGitDiff
FN:319,parseUnifiedDiff
FN:455,applyStripLevel
FN:465,finalizeFile
FN:477,extractDiffFiles
FN:479,(anonymous_11)
FN:485,validateDiff
FNF:13
FNH:10
FNDA:13,normalizeUnifiedDiff
FNDA:62,(anonymous_1)
FNDA:62,(anonymous_2)
FNDA:13,detectDiffFormat
FNDA:53,(anonymous_4)
FNDA:11,(anonymous_5)
FNDA:2,parseGitDiff
FNDA:10,parseUnifiedDiff
FNDA:72,applyStripLevel
FNDA:62,finalizeFile
FNDA:0,extractDiffFiles
FNDA:0,(anonymous_11)
FNDA:0,validateDiff
DA:69,1
DA:75,13
DA:78,13
DA:89,13
DA:91,13
DA:93,13
DA:94,0
DA:95,0
DA:96,0
DA:99,13
DA:100,0
DA:101,0
DA:102,0
DA:103,0
DA:108,13
DA:111,13
DA:113,2
DA:114,2
DA:116,10
DA:117,10
DA:119,1
DA:120,1
DA:121,1
DA:125,12
DA:126,62
DA:127,62
DA:130,12
DA:131,0
DA:135,0
DA:136,0
DA:139,12
DA:146,13
DA:149,13
DA:150,53
DA:156,13
DA:157,2
DA:161,11
DA:162,11
DA:167,11
DA:168,10
DA:171,1
DA:178,2
DA:179,2
DA:180,2
DA:181,2
DA:182,2
DA:184,2
DA:185,1385
DA:188,1385
DA:190,52
DA:191,50
DA:194,52
DA:206,52
DA:207,52
DA:208,52
DA:209,52
DA:210,52
DA:211,0
DA:212,0
DA:215,0
DA:217,52
DA:220,1333
DA:223,1333
DA:224,52
DA:225,52
DA:228,1281
DA:229,0
DA:230,0
DA:234,1281
DA:235,0
DA:236,0
DA:237,0
DA:239,0
DA:243,1281
DA:245,104
DA:246,0
DA:247,0
DA:248,0
DA:251,104
DA:255,1177
DA:256,1177
DA:258,52
DA:259,50
DA:262,52
DA:264,52
DA:273,52
DA:274,52
DA:275,52
DA:279,1125
DA:280,1023
DA:283,1023
DA:289,1023
DA:290,0
DA:292,1023
DA:293,1023
DA:296,1023
DA:299,1023
DA:300,1023
DA:301,0
DA:302,0
DA:308,2
DA:309,2
DA:311,2
DA:312,2
DA:320,10
DA:321,10
DA:322,10
DA:323,10
DA:324,10
DA:326,10
DA:327,50
DA:330,50
DA:332,10
DA:333,0
DA:336,10
DA:348,10
DA:349,10
DA:351,10
DA:352,10
DA:353,10
DA:354,0
DA:357,10
DA:361,40
DA:362,10
DA:363,10
DA:364,10
DA:365,0
DA:366,0
DA:369,10
DA:370,10
DA:371,10
DA:372,0
DA:376,10
DA:379,30
DA:382,30
DA:383,0
DA:384,0
DA:385,0
DA:387,0
DA:391,30
DA:392,30
DA:394,10
DA:395,0
DA:398,10
DA:400,10
DA:409,10
DA:410,10
DA:411,10
DA:415,20
DA:416,20
DA:419,20
DA:425,20
DA:426,10
DA:428,20
DA:429,20
DA:432,20
DA:435,20
DA:436,10
DA:437,10
DA:438,0
DA:444,10
DA:445,10
DA:447,10
DA:448,10
DA:456,72
DA:458,0
DA:459,0
DA:466,62
DA:467,0
DA:468,0
DA:471,62
DA:477,1
DA:478,0
DA:479,0
DA:485,1
DA:486,0
DA:487,0
LF:177
LH:133
BRDA:69,0,0,13
BRDA:71,1,0,13
BRDA:72,2,0,13
BRDA:73,3,0,13
BRDA:74,4,0,13
BRDA:93,5,0,0
BRDA:99,6,0,0
BRDA:101,7,0,0
BRDA:111,8,0,2
BRDA:111,8,1,10
BRDA:111,8,2,1
BRDA:130,9,0,0
BRDA:130,10,0,12
BRDA:130,10,1,0
BRDA:135,11,0,0
BRDA:135,11,1,0
BRDA:150,12,0,53
BRDA:150,12,1,51
BRDA:150,12,2,51
BRDA:150,12,3,51
BRDA:156,13,0,2
BRDA:162,14,0,11
BRDA:162,14,1,1
BRDA:162,14,2,1
BRDA:167,15,0,10
BRDA:188,16,0,52
BRDA:190,17,0,50
BRDA:207,18,0,52
BRDA:207,18,1,0
BRDA:210,19,0,0
BRDA:220,20,0,0
BRDA:223,21,0,52
BRDA:228,22,0,0
BRDA:234,23,0,0
BRDA:234,24,0,1281
BRDA:234,24,1,0
BRDA:236,25,0,0
BRDA:243,26,0,104
BRDA:243,27,0,1281
BRDA:243,27,1,1229
BRDA:245,28,0,0
BRDA:247,29,0,0
BRDA:247,30,0,0
BRDA:247,30,1,0
BRDA:256,31,0,52
BRDA:258,32,0,50
BRDA:267,33,0,52
BRDA:267,33,1,0
BRDA:269,34,0,52
BRDA:269,34,1,0
BRDA:273,35,0,52
BRDA:273,35,1,0
BRDA:274,36,0,52
BRDA:274,36,1,0
BRDA:279,37,0,1023
BRDA:279,38,0,1125
BRDA:279,38,1,1123
BRDA:279,38,2,1123
BRDA:279,38,3,100
BRDA:280,39,0,1023
BRDA:280,39,1,0
BRDA:281,40,0,0
BRDA:281,40,1,0
BRDA:289,41,0,0
BRDA:292,42,0,1023
BRDA:299,43,0,1023
BRDA:299,43,1,0
BRDA:301,44,0,0
BRDA:308,45,0,2
BRDA:308,46,0,2
BRDA:308,46,1,2
BRDA:311,47,0,2
BRDA:330,48,0,10
BRDA:332,49,0,0
BRDA:349,50,0,10
BRDA:349,51,0,10
BRDA:349,51,1,10
BRDA:353,52,0,0
BRDA:361,53,0,10
BRDA:361,54,0,40
BRDA:361,54,1,10
BRDA:363,55,0,10
BRDA:364,56,0,0
BRDA:364,56,1,10
BRDA:366,57,0,0
BRDA:366,57,1,0
BRDA:371,58,0,0
BRDA:371,59,0,10
BRDA:371,59,1,10
BRDA:379,60,0,0
BRDA:382,61,0,0
BRDA:382,62,0,30
BRDA:382,62,1,0
BRDA:384,63,0,0
BRDA:392,64,0,10
BRDA:394,65,0,0
BRDA:403,66,0,10
BRDA:403,66,1,0
BRDA:405,67,0,10
BRDA:405,67,1,0
BRDA:409,68,0,10
BRDA:409,68,1,0
BRDA:410,69,0,10
BRDA:410,69,1,0
BRDA:415,70,0,20
BRDA:415,71,0,20
BRDA:415,71,1,20
BRDA:415,71,2,10
BRDA:415,71,3,0
BRDA:416,72,0,10
BRDA:416,72,1,10
BRDA:417,73,0,0
BRDA:417,73,1,10
BRDA:425,74,0,10
BRDA:428,75,0,20
BRDA:435,76,0,10
BRDA:435,76,1,10
BRDA:437,77,0,0
BRDA:444,78,0,10
BRDA:444,79,0,10
BRDA:444,79,1,10
BRDA:447,80,0,10
BRDA:456,81,0,72
BRDA:459,82,0,0
BRDA:459,82,1,0
BRDA:466,83,0,0
BRDA:477,84,0,0
BRF:127
BRH:77
end_of_record
TN:
SF:src/github-checks.ts
FN:16,appJwt
FN:23,installationToken
FN:31,(anonymous_2)
FN:93,(anonymous_3)
FN:108,(anonymous_4)
FN:120,createCheckRun
FN:146,(anonymous_6)
FN:183,updateCheckRun
FN:205,(anonymous_8)
FN:242,createPRComment
FN:275,(anonymous_10)
FN:312,createComplianceCheckRun
FN:367,(anonymous_12)
FN:368,(anonymous_13)
FN:369,(anonymous_14)
FN:370,(anonymous_15)
FN:418,createCompliancePRComment
FN:426,(anonymous_17)
FN:427,(anonymous_18)
FN:433,(anonymous_19)
FN:434,(anonymous_20)
FN:449,(anonymous_21)
FN:451,(anonymous_22)
FN:452,(anonymous_23)
FN:452,(anonymous_24)
FN:456,(anonymous_25)
FN:457,(anonymous_26)
FN:457,(anonymous_27)
FNF:28
FNH:0
FNDA:0,appJwt
FNDA:0,installationToken
FNDA:0,(anonymous_2)
FNDA:0,(anonymous_3)
FNDA:0,(anonymous_4)
FNDA:0,createCheckRun
FNDA:0,(anonymous_6)
FNDA:0,updateCheckRun
FNDA:0,(anonymous_8)
FNDA:0,createPRComment
FNDA:0,(anonymous_10)
FNDA:0,createComplianceCheckRun
FNDA:0,(anonymous_12)
FNDA:0,(anonymous_13)
FNDA:0,(anonymous_14)
FNDA:0,(anonymous_15)
FNDA:0,createCompliancePRComment
FNDA:0,(anonymous_17)
FNDA:0,(anonymous_18)
FNDA:0,(anonymous_19)
FNDA:0,(anonymous_20)
FNDA:0,(anonymous_21)
FNDA:0,(anonymous_22)
FNDA:0,(anonymous_23)
FNDA:0,(anonymous_24)
FNDA:0,(anonymous_25)
FNDA:0,(anonymous_26)
FNDA:0,(anonymous_27)
DA:11,0
DA:12,0
DA:17,0
DA:18,0
DA:24,0
DA:25,0
DA:28,0
DA:29,0
DA:30,0
DA:31,0
DA:33,0
DA:34,0
DA:38,0
DA:39,0
DA:40,0
DA:93,0
DA:98,0
DA:99,0
DA:100,0
DA:102,0
DA:103,0
DA:105,0
DA:106,0
DA:107,0
DA:108,0
DA:109,0
DA:111,0
DA:114,0
DA:125,0
DA:126,0
DA:128,0
DA:130,0
DA:131,0
DA:133,0
DA:146,0
DA:147,0
DA:158,0
DA:159,0
DA:160,0
DA:163,0
DA:166,0
DA:167,0
DA:169,0
DA:174,0
DA:175,0
DA:176,0
DA:189,0
DA:190,0
DA:192,0
DA:194,0
DA:195,0
DA:197,0
DA:205,0
DA:206,0
DA:217,0
DA:218,0
DA:219,0
DA:222,0
DA:225,0
DA:226,0
DA:228,0
DA:233,0
DA:234,0
DA:235,0
DA:248,0
DA:249,0
DA:251,0
DA:253,0
DA:254,0
DA:257,0
DA:258,0
DA:262,0
DA:275,0
DA:276,0
DA:287,0
DA:288,0
DA:289,0
DA:292,0
DA:295,0
DA:296,0
DA:298,0
DA:303,0
DA:304,0
DA:305,0
DA:319,0
DA:322,0
DA:325,0
DA:326,0
DA:327,0
DA:328,0
DA:336,0
DA:337,0
DA:350,0
DA:351,0
DA:352,0
DA:354,0
DA:367,0
DA:368,0
DA:369,0
DA:370,0
DA:372,0
DA:373,0
DA:374,0
DA:375,0
DA:376,0
DA:380,0
DA:381,0
DA:396,0
DA:412,0
DA:425,0
DA:426,0
DA:427,0
DA:429,0
DA:430,0
DA:432,0
DA:433,0
DA:434,0
DA:435,0
DA:436,0
DA:439,0
DA:449,0
DA:451,0
DA:452,0
DA:453,0
DA:456,0
DA:457,0
DA:458,0
DA:467,0
DA:471,0
LF:129
LH:0
BRDA:11,0,0,0
BRDA:11,0,1,0
BRDA:12,1,0,0
BRDA:12,1,1,0
BRDA:28,2,0,0
BRDA:30,3,0,0
BRDA:30,3,1,0
BRDA:33,4,0,0
BRDA:38,5,0,0
BRDA:95,6,0,0
BRDA:96,7,0,0
BRDA:102,8,0,0
BRDA:102,8,1,0
BRDA:105,9,0,0
BRDA:105,10,0,0
BRDA:105,10,1,0
BRDA:105,10,2,0
BRDA:137,11,0,0
BRDA:137,11,1,0
BRDA:138,12,0,0
BRDA:138,12,1,0
BRDA:139,13,0,0
BRDA:139,13,1,0
BRDA:140,14,0,0
BRDA:140,14,1,0
BRDA:141,15,0,0
BRDA:141,15,1,0
BRDA:142,16,0,0
BRDA:142,16,1,0
BRDA:143,17,0,0
BRDA:143,17,1,0
BRDA:158,18,0,0
BRDA:198,19,0,0
BRDA:198,19,1,0
BRDA:199,20,0,0
BRDA:199,20,1,0
BRDA:200,21,0,0
BRDA:200,21,1,0
BRDA:201,22,0,0
BRDA:201,22,1,0
BRDA:202,23,0,0
BRDA:202,23,1,0
BRDA:217,24,0,0
BRDA:257,25,0,0
BRDA:257,25,1,0
BRDA:257,25,2,0
BRDA:258,26,0,0
BRDA:258,26,1,0
BRDA:262,27,0,0
BRDA:262,27,1,0
BRDA:264,28,0,0
BRDA:264,28,1,0
BRDA:266,29,0,0
BRDA:266,29,1,0
BRDA:267,30,0,0
BRDA:267,30,1,0
BRDA:268,31,0,0
BRDA:268,31,1,0
BRDA:269,32,0,0
BRDA:269,32,1,0
BRDA:270,33,0,0
BRDA:270,33,1,0
BRDA:287,34,0,0
BRDA:325,35,0,0
BRDA:327,36,0,0
BRDA:327,36,1,0
BRDA:327,37,0,0
BRDA:327,37,1,0
BRDA:330,38,0,0
BRDA:330,38,1,0
BRDA:331,39,0,0
BRDA:331,39,1,0
BRDA:336,40,0,0
BRDA:336,41,0,0
BRDA:336,41,1,0
BRDA:339,42,0,0
BRDA:339,42,1,0
BRDA:340,43,0,0
BRDA:340,43,1,0
BRDA:350,44,0,0
BRDA:352,45,0,0
BRDA:352,46,0,0
BRDA:352,46,1,0
BRDA:358,47,0,0
BRDA:358,47,1,0
BRDA:360,48,0,0
BRDA:360,48,1,0
BRDA:367,49,0,0
BRDA:367,49,1,0
BRDA:369,50,0,0
BRDA:369,50,1,0
BRDA:373,51,0,0
BRDA:373,51,1,0
BRDA:375,52,0,0
BRDA:390,53,0,0
BRDA:390,53,1,0
BRDA:392,54,0,0
BRDA:392,54,1,0
BRDA:406,55,0,0
BRDA:406,55,1,0
BRDA:406,56,0,0
BRDA:406,56,1,0
BRDA:426,57,0,0
BRDA:426,57,1,0
BRDA:426,58,0,0
BRDA:426,58,1,0
BRDA:427,59,0,0
BRDA:427,59,1,0
BRDA:432,60,0,0
BRDA:433,61,0,0
BRDA:433,61,1,0
BRDA:435,62,0,0
BRDA:435,62,1,0
BRDA:436,63,0,0
BRDA:436,63,1,0
BRDA:449,64,0,0
BRDA:449,64,1,0
BRDA:451,65,0,0
BRDA:451,65,1,0
BRDA:453,66,0,0
BRDA:453,66,1,0
BRDA:453,67,0,0
BRDA:453,67,1,0
BRDA:456,68,0,0
BRDA:456,68,1,0
BRDA:458,69,0,0
BRDA:458,69,1,0
BRDA:458,70,0,0
BRDA:458,70,1,0
BRDA:461,71,0,0
BRDA:461,71,1,0
BRF:131
BRH:0
end_of_record
TN:
SF:src/github.ts
FN:24,appJwt
FN:31,installationToken
FN:39,(anonymous_2)
FN:51,sleep
FN:52,(anonymous_4)
FN:55,getJson
FN:134,getFileContents
FN:181,loadRules
FN:198,getContent
FN:211,listDir
FN:218,(anonymous_10)
FN:272,(anonymous_11)
FN:273,(anonymous_12)
FN:284,clearGitHubCache
FN:292,getGitHubCacheStats
FNF:15
FNH:0
FNDA:0,appJwt
FNDA:0,installationToken
FNDA:0,(anonymous_2)
FNDA:0,sleep
FNDA:0,(anonymous_4)
FNDA:0,getJson
FNDA:0,getFileContents
FNDA:0,loadRules
FNDA:0,getContent
FNDA:0,listDir
FNDA:0,(anonymous_10)
FNDA:0,(anonymous_11)
FNDA:0,(anonymous_12)
FNDA:0,clearGitHubCache
FNDA:0,getGitHubCacheStats
DA:5,0
DA:8,0
DA:15,0
DA:21,0
DA:22,0
DA:25,0
DA:26,0
DA:32,0
DA:33,0
DA:36,0
DA:37,0
DA:38,0
DA:39,0
DA:41,0
DA:42,0
DA:46,0
DA:47,0
DA:48,0
DA:52,0
DA:57,0
DA:58,0
DA:59,0
DA:60,0
DA:61,0
DA:66,0
DA:67,0
DA:68,0
DA:69,0
DA:73,0
DA:74,0
DA:76,0
DA:77,0
DA:78,0
DA:87,0
DA:88,0
DA:89,0
DA:92,0
DA:93,0
DA:94,0
DA:96,0
DA:97,0
DA:98,0
DA:99,0
DA:100,0
DA:104,0
DA:105,0
DA:108,0
DA:111,0
DA:112,0
DA:113,0
DA:120,0
DA:122,0
DA:124,0
DA:125,0
DA:126,0
DA:127,0
DA:131,0
DA:140,0
DA:141,0
DA:142,0
DA:144,0
DA:145,0
DA:146,0
DA:148,0
DA:149,0
DA:150,0
DA:153,0
DA:154,0
DA:155,0
DA:163,0
DA:164,0
DA:165,0
DA:168,0
DA:175,0
DA:178,0
DA:196,0
DA:199,0
DA:200,0
DA:201,0
DA:202,0
DA:203,0
DA:204,0
DA:206,0
DA:207,0
DA:214,0
DA:215,0
DA:216,0
DA:217,0
DA:218,0
DA:220,0
DA:221,0
DA:226,0
DA:227,0
DA:228,0
DA:230,0
DA:231,0
DA:232,0
DA:234,0
DA:235,0
DA:236,0
DA:237,0
DA:238,0
DA:239,0
DA:240,0
DA:241,0
DA:243,0
DA:244,0
DA:245,0
DA:251,0
DA:252,0
DA:253,0
DA:254,0
DA:255,0
DA:256,0
DA:257,0
DA:258,0
DA:260,0
DA:261,0
DA:262,0
DA:267,0
DA:268,0
DA:270,0
DA:272,0
DA:273,0
DA:278,0
DA:285,0
DA:286,0
DA:293,0
LF:128
LH:0
BRDA:21,0,0,0
BRDA:21,0,1,0
BRDA:22,1,0,0
BRDA:22,1,1,0
BRDA:36,2,0,0
BRDA:38,3,0,0
BRDA:38,3,1,0
BRDA:41,4,0,0
BRDA:46,5,0,0
BRDA:55,6,0,0
BRDA:57,7,0,0
BRDA:60,8,0,0
BRDA:60,9,0,0
BRDA:60,9,1,0
BRDA:66,10,0,0
BRDA:87,11,0,0
BRDA:88,12,0,0
BRDA:88,12,1,0
BRDA:89,13,0,0
BRDA:89,13,1,0
BRDA:92,14,0,0
BRDA:92,15,0,0
BRDA:92,15,1,0
BRDA:93,16,0,0
BRDA:93,16,1,0
BRDA:96,17,0,0
BRDA:104,18,0,0
BRDA:111,19,0,0
BRDA:122,20,0,0
BRDA:148,21,0,0
BRDA:148,22,0,0
BRDA:148,22,1,0
BRDA:163,23,0,0
BRDA:202,24,0,0
BRDA:202,25,0,0
BRDA:202,25,1,0
BRDA:203,26,0,0
BRDA:203,26,1,0
BRDA:217,27,0,0
BRDA:228,28,0,0
BRDA:228,28,1,0
BRDA:239,29,0,0
BRDA:239,30,0,0
BRDA:239,30,1,0
BRDA:241,31,0,0
BRDA:243,32,0,0
BRDA:243,32,1,0
BRDA:256,33,0,0
BRDA:256,34,0,0
BRDA:256,34,1,0
BRDA:258,35,0,0
BRDA:260,36,0,0
BRDA:260,36,1,0
BRDA:267,37,0,0
BRDA:268,38,0,0
BRDA:271,39,0,0
BRDA:271,39,1,0
BRDA:297,40,0,0
BRDA:297,40,1,0
BRF:59
BRH:0
end_of_record
TN:
SF:src/lib.ts
FN:23,(anonymous_0)
FN:26,(anonymous_1)
FN:30,(anonymous_2)
FN:34,(anonymous_3)
FN:35,(anonymous_4)
FN:35,(anonymous_5)
FN:51,(anonymous_6)
FN:55,(anonymous_7)
FN:80,(anonymous_8)
FN:95,(anonymous_9)
FN:99,(anonymous_10)
FN:103,(anonymous_11)
FN:108,(anonymous_12)
FN:114,(anonymous_13)
FN:120,(anonymous_14)
FN:125,(anonymous_15)
FN:130,(anonymous_16)
FN:136,(anonymous_17)
FN:139,(anonymous_18)
FN:142,(anonymous_19)
FN:158,(anonymous_20)
FN:173,(anonymous_21)
FN:177,(anonymous_22)
FN:181,(anonymous_23)
FN:188,(anonymous_24)
FN:192,(anonymous_25)
FN:200,(anonymous_26)
FN:215,(anonymous_27)
FNF:28
FNH:0
FNDA:0,(anonymous_0)
FNDA:0,(anonymous_1)
FNDA:0,(anonymous_2)
FNDA:0,(anonymous_3)
FNDA:0,(anonymous_4)
FNDA:0,(anonymous_5)
FNDA:0,(anonymous_6)
FNDA:0,(anonymous_7)
FNDA:0,(anonymous_8)
FNDA:0,(anonymous_9)
FNDA:0,(anonymous_10)
FNDA:0,(anonymous_11)
FNDA:0,(anonymous_12)
FNDA:0,(anonymous_13)
FNDA:0,(anonymous_14)
FNDA:0,(anonymous_15)
FNDA:0,(anonymous_16)
FNDA:0,(anonymous_17)
FNDA:0,(anonymous_18)
FNDA:0,(anonymous_19)
FNDA:0,(anonymous_20)
FNDA:0,(anonymous_21)
FNDA:0,(anonymous_22)
FNDA:0,(anonymous_23)
FNDA:0,(anonymous_24)
FNDA:0,(anonymous_25)
FNDA:0,(anonymous_26)
FNDA:0,(anonymous_27)
DA:22,0
DA:24,0
DA:27,0
DA:28,0
DA:34,0
DA:35,0
DA:36,0
DA:37,0
DA:38,0
DA:40,0
DA:41,0
DA:43,0
DA:44,0
DA:46,0
DA:47,0
DA:49,0
DA:52,0
DA:53,0
DA:75,0
DA:76,0
DA:77,0
DA:78,0
DA:79,0
DA:80,0
DA:82,0
DA:96,0
DA:100,0
DA:104,0
DA:105,0
DA:109,0
DA:110,0
DA:111,0
DA:115,0
DA:116,0
DA:117,0
DA:121,0
DA:122,0
DA:126,0
DA:127,0
DA:131,0
DA:135,0
DA:137,0
DA:140,0
DA:147,0
DA:148,0
DA:149,0
DA:150,0
DA:151,0
DA:152,0
DA:154,0
DA:155,0
DA:156,0
DA:163,0
DA:165,0
DA:166,0
DA:167,0
DA:168,0
DA:170,0
DA:174,0
DA:175,0
DA:178,0
DA:179,0
DA:185,0
DA:186,0
DA:189,0
DA:190,0
DA:198,0
DA:199,0
DA:200,0
DA:202,0
DA:203,0
DA:206,0
DA:207,0
DA:216,0
DA:217,0
LF:75
LH:0
BRDA:27,0,0,0
BRDA:34,1,0,0
BRDA:34,1,1,0
BRDA:37,2,0,0
BRDA:40,3,0,0
BRDA:43,4,0,0
BRDA:46,5,0,0
BRDA:52,6,0,0
BRDA:69,7,0,0
BRDA:70,8,0,0
BRDA:71,9,0,0
BRDA:77,10,0,0
BRDA:77,11,0,0
BRDA:77,11,1,0
BRDA:77,11,2,0
BRDA:77,11,3,0
BRDA:77,11,4,0
BRDA:79,12,0,0
BRDA:79,12,1,0
BRDA:148,13,0,0
BRDA:150,14,0,0
BRDA:154,15,0,0
BRDA:155,16,0,0
BRDA:163,17,0,0
BRDA:165,18,0,0
BRDA:165,18,1,0
BRDA:167,19,0,0
BRDA:167,19,1,0
BRDA:185,20,0,0
BRDA:202,21,0,0
BRDA:212,22,0,0
BRDA:212,22,1,0
BRF:32
BRH:0
end_of_record
TN:
SF:src/license.ts
FN:252,getCommentStyle
FN:254,(anonymous_1)
FN:262,extractLicenseHeader
FN:315,normalizeLicenseText
FN:327,calculateSimilarity
FN:364,(anonymous_5)
FN:373,detectLicense
FN:482,generateLicenseHeader
FN:506,(anonymous_8)
FN:512,(anonymous_9)
FN:523,validateLicenseHeader
FN:576,(anonymous_11)
FN:603,(anonymous_12)
FN:615,validateLicenseHeaders
FN:628,(anonymous_14)
FN:634,(anonymous_15)
FN:645,(anonymous_16)
FN:646,(anonymous_17)
FN:647,(anonymous_18)
FN:656,getDefaultLicenseTemplates
FN:663,getSupportedLanguages
FN:670,checkLicenseCompatibility
FN:675,(anonymous_22)
FN:676,(anonymous_23)
FNF:24
FNH:18
FNDA:1,getCommentStyle
FNDA:1,(anonymous_1)
FNDA:3,extractLicenseHeader
FNDA:75,normalizeLicenseText
FNDA:30,calculateSimilarity
FNDA:238,(anonymous_5)
FNDA:3,detectLicense
FNDA:1,generateLicenseHeader
FNDA:13,(anonymous_8)
FNDA:0,(anonymous_9)
FNDA:3,validateLicenseHeader
FNDA:1,(anonymous_11)
FNDA:5,(anonymous_12)
FNDA:1,validateLicenseHeaders
FNDA:3,(anonymous_14)
FNDA:3,(anonymous_15)
FNDA:3,(anonymous_16)
FNDA:3,(anonymous_17)
FNDA:3,(anonymous_18)
FNDA:0,getDefaultLicenseTemplates
FNDA:0,getSupportedLanguages
FNDA:0,checkLicenseCompatibility
FNDA:0,(anonymous_22)
FNDA:0,(anonymous_23)
DA:80,1
DA:210,1
DA:253,1
DA:254,1
DA:255,1
DA:263,3
DA:266,3
DA:267,3
DA:268,3
DA:270,3
DA:271,10
DA:274,10
DA:277,10
DA:287,3
DA:288,3
DA:291,10
DA:292,8
DA:295,8
DA:304,0
DA:309,3
DA:316,75
DA:328,30
DA:329,30
DA:331,30
DA:335,30
DA:338,0
DA:342,30
DA:345,10
DA:349,28
DA:351,0
DA:355,28
DA:357,0
DA:361,28
DA:362,28
DA:364,238
DA:365,28
DA:367,28
DA:373,1
DA:374,3
DA:375,0
DA:387,3
DA:388,3
DA:391,3
DA:392,15
DA:395,15
DA:396,15
DA:399,15
DA:400,15
DA:401,15
DA:402,1
DA:403,14
DA:404,1
DA:405,13
DA:406,0
DA:407,13
DA:408,0
DA:412,15
DA:413,5
DA:417,3
DA:420,3
DA:421,3
DA:422,2
DA:430,3
DA:431,3
DA:432,3
DA:433,1
DA:434,1
DA:436,1
DA:437,1
DA:445,3
DA:446,2
DA:460,1
DA:482,1
DA:488,1
DA:489,1
DA:490,0
DA:493,1
DA:494,1
DA:497,1
DA:500,1
DA:501,1
DA:503,1
DA:505,1
DA:506,1
DA:507,13
DA:509,1
DA:512,0
DA:513,0
DA:517,1
DA:523,1
DA:534,3
DA:536,3
DA:537,3
DA:539,3
DA:540,3
DA:543,3
DA:544,2
DA:545,1
DA:553,3
DA:554,2
DA:555,0
DA:563,3
DA:564,2
DA:565,0
DA:574,3
DA:575,1
DA:576,1
DA:578,1
DA:579,1
DA:580,1
DA:581,1
DA:593,3
DA:602,3
DA:603,5
DA:615,1
DA:628,1
DA:629,3
DA:632,1
DA:634,1
DA:635,3
DA:636,2
DA:641,1
DA:645,3
DA:646,3
DA:647,3
DA:656,1
DA:657,0
DA:663,1
DA:664,0
DA:670,1
DA:675,0
DA:676,0
DA:678,0
DA:679,0
DA:686,0
DA:687,0
DA:690,0
DA:691,0
DA:694,0
DA:695,0
DA:699,0
DA:703,0
DA:705,0
DA:706,0
DA:709,0
LF:145
LH:116
BRDA:254,0,0,1
BRDA:254,0,1,0
BRDA:262,1,0,0
BRDA:274,2,0,0
BRDA:274,3,0,10
BRDA:274,3,1,5
BRDA:277,4,0,3
BRDA:277,5,0,10
BRDA:277,5,1,5
BRDA:277,5,2,2
BRDA:277,5,3,2
BRDA:277,5,4,2
BRDA:277,5,5,2
BRDA:277,5,6,2
BRDA:277,5,7,2
BRDA:277,5,8,2
BRDA:291,6,0,8
BRDA:295,7,0,0
BRDA:295,8,0,8
BRDA:295,8,1,8
BRDA:295,8,2,8
BRDA:295,8,3,8
BRDA:295,8,4,8
BRDA:295,8,5,8
BRDA:295,8,6,8
BRDA:295,8,7,8
BRDA:295,8,8,0
BRDA:295,8,9,8
BRDA:331,9,0,0
BRDA:335,10,0,0
BRDA:335,11,0,30
BRDA:335,11,1,0
BRDA:335,11,2,0
BRDA:338,12,0,0
BRDA:338,13,0,0
BRDA:338,13,1,0
BRDA:338,13,2,0
BRDA:342,14,0,10
BRDA:342,15,0,30
BRDA:342,15,1,20
BRDA:342,15,2,10
BRDA:342,15,3,10
BRDA:345,16,0,2
BRDA:345,17,0,10
BRDA:345,17,1,8
BRDA:345,17,2,8
BRDA:349,18,0,0
BRDA:349,19,0,28
BRDA:349,19,1,28
BRDA:349,19,2,0
BRDA:351,20,0,0
BRDA:351,21,0,0
BRDA:351,21,1,0
BRDA:351,21,2,0
BRDA:351,21,3,0
BRDA:351,21,4,0
BRDA:351,21,5,0
BRDA:355,22,0,0
BRDA:355,23,0,28
BRDA:355,23,1,0
BRDA:357,24,0,0
BRDA:357,25,0,0
BRDA:357,25,1,0
BRDA:357,25,2,0
BRDA:374,26,0,0
BRDA:400,27,0,15
BRDA:400,28,0,15
BRDA:400,28,1,10
BRDA:401,29,0,1
BRDA:401,29,1,14
BRDA:401,30,0,15
BRDA:401,30,1,3
BRDA:403,31,0,1
BRDA:403,31,1,13
BRDA:403,32,0,14
BRDA:403,32,1,3
BRDA:405,33,0,0
BRDA:405,33,1,13
BRDA:405,34,0,13
BRDA:405,34,1,3
BRDA:405,34,2,3
BRDA:407,35,0,0
BRDA:407,36,0,13
BRDA:407,36,1,10
BRDA:407,36,2,6
BRDA:412,37,0,5
BRDA:412,38,0,15
BRDA:412,38,1,12
BRDA:421,39,0,2
BRDA:432,40,0,1
BRDA:434,41,0,0
BRDA:434,41,1,1
BRDA:436,42,0,1
BRDA:445,43,0,2
BRDA:445,44,0,3
BRDA:445,44,1,3
BRDA:462,45,0,1
BRDA:462,45,1,0
BRDA:489,46,0,0
BRDA:493,47,0,1
BRDA:493,47,1,1
BRDA:503,48,0,1
BRDA:503,48,1,0
BRDA:503,49,0,1
BRDA:503,49,1,1
BRDA:526,50,0,0
BRDA:529,51,0,0
BRDA:530,52,0,0
BRDA:531,53,0,0
BRDA:532,54,0,3
BRDA:533,55,0,3
BRDA:543,56,0,2
BRDA:543,57,0,3
BRDA:543,57,1,3
BRDA:544,58,0,1
BRDA:553,59,0,2
BRDA:553,60,0,3
BRDA:553,60,1,3
BRDA:554,61,0,0
BRDA:563,62,0,2
BRDA:563,63,0,3
BRDA:563,63,1,3
BRDA:564,64,0,0
BRDA:574,65,0,1
BRDA:574,66,0,3
BRDA:574,66,1,2
BRDA:575,67,0,1
BRDA:575,67,1,0
BRDA:575,67,2,0
BRDA:578,68,0,1
BRDA:582,69,0,0
BRDA:582,69,1,1
BRDA:583,70,0,0
BRDA:583,70,1,1
BRDA:594,71,0,3
BRDA:594,71,1,3
BRDA:594,71,2,2
BRDA:596,72,0,3
BRDA:596,72,1,3
BRDA:596,72,2,2
BRDA:599,73,0,3
BRDA:599,73,1,2
BRDA:617,74,0,0
BRDA:635,75,0,2
BRDA:635,76,0,3
BRDA:635,76,1,2
BRDA:637,77,0,2
BRDA:637,77,1,2
BRDA:678,78,0,0
BRDA:678,79,0,0
BRDA:678,79,1,0
BRDA:690,80,0,0
BRDA:690,81,0,0
BRDA:690,81,1,0
BRDA:694,82,0,0
BRDA:694,83,0,0
BRDA:694,83,1,0
BRDA:699,84,0,0
BRDA:699,84,1,0
BRDA:703,85,0,0
BRDA:703,85,1,0
BRDA:705,86,0,0
BRDA:705,87,0,0
BRDA:705,87,1,0
BRF:164
BRH:102
end_of_record
TN:
SF:src/mcp.ts
FN:15,send
FN:18,handle
FN:38,(anonymous_2)
FNF:3
FNH:0
FNDA:0,send
FNDA:0,handle
FNDA:0,(anonymous_2)
DA:10,0
DA:16,0
DA:19,0
DA:20,0
DA:22,0
DA:23,0
DA:25,0
DA:27,0
DA:28,0
DA:29,0
DA:30,0
DA:31,0
DA:32,0
DA:34,0
DA:37,0
DA:38,0
LF:16
LH:0
BRDA:20,0,0,0
BRDA:30,1,0,0
BRDA:31,2,0,0
BRDA:31,2,1,0
BRDA:34,3,0,0
BRDA:34,3,1,0
BRF:6
BRH:0
end_of_record
TN:
SF:src/rules.ts
FN:31,(anonymous_0)
FN:39,(anonymous_1)
FN:47,(anonymous_2)
FN:55,(anonymous_3)
FN:63,(anonymous_4)
FN:70,(anonymous_5)
FN:78,(anonymous_6)
FN:86,(anonymous_7)
FN:94,(anonymous_8)
FN:102,(anonymous_9)
FN:110,(anonymous_10)
FN:118,(anonymous_11)
FN:135,extractRules
FN:217,sortRules
FN:218,(anonymous_14)
FN:251,getCacheKey
FN:259,cleanCache
FN:270,(anonymous_17)
FN:281,summarizeRules
FN:309,getRuleStatistics
FNF:20
FNH:11
FNDA:104,(anonymous_0)
FNDA:100,(anonymous_1)
FNDA:100,(anonymous_2)
FNDA:0,(anonymous_3)
FNDA:0,(anonymous_4)
FNDA:0,(anonymous_5)
FNDA:1,(anonymous_6)
FNDA:0,(anonymous_7)
FNDA:0,(anonymous_8)
FNDA:0,(anonymous_9)
FNDA:0,(anonymous_10)
FNDA:301,(anonymous_11)
FNDA:3,extractRules
FNDA:3,sortRules
FNDA:3964,(anonymous_14)
FNDA:3,getCacheKey
FNDA:3,cleanCache
FNDA:0,(anonymous_17)
FNDA:3,summarizeRules
FNDA:0,getRuleStatistics
DA:25,1
DA:31,104
DA:39,100
DA:47,100
DA:55,0
DA:63,0
DA:70,0
DA:78,1
DA:86,0
DA:94,0
DA:102,0
DA:110,0
DA:118,301
DA:125,1
DA:136,3
DA:137,3
DA:138,3
DA:139,3
DA:142,3
DA:147,3
DA:148,1132
DA:151,1132
DA:152,1132
DA:153,108
DA:154,108
DA:157,108
DA:158,1
DA:159,107
DA:160,0
DA:161,107
DA:162,0
DA:163,107
DA:164,0
DA:165,107
DA:166,0
DA:167,107
DA:168,1
DA:170,106
DA:172,108
DA:176,1024
DA:177,9239
DA:178,9239
DA:179,606
DA:182,606
DA:185,606
DA:186,606
DA:187,606
DA:190,606
DA:191,606
DA:194,301
DA:197,606
DA:205,606
DA:206,606
DA:211,3
DA:218,3
DA:220,3964
DA:221,3964
DA:224,2693
DA:229,2693
DA:230,2693
DA:232,2693
DA:233,0
DA:237,2693
DA:244,1
DA:245,1
DA:246,1
DA:252,3
DA:253,3
DA:260,3
DA:261,3
DA:262,3
DA:263,0
DA:268,3
DA:269,0
DA:270,0
DA:281,1
DA:283,3
DA:284,3
DA:285,3
DA:286,0
DA:290,3
DA:293,3
DA:294,3
DA:295,3
DA:298,3
DA:303,3
DA:309,1
DA:314,0
DA:318,0
DA:323,0
DA:324,0
DA:325,0
DA:328,0
LF:93
LH:71
BRDA:152,0,0,108
BRDA:157,1,0,1
BRDA:157,1,1,107
BRDA:157,2,0,108
BRDA:157,2,1,107
BRDA:159,3,0,0
BRDA:159,3,1,107
BRDA:159,4,0,107
BRDA:159,4,1,107
BRDA:161,5,0,0
BRDA:161,5,1,107
BRDA:161,6,0,107
BRDA:161,6,1,107
BRDA:163,7,0,0
BRDA:163,7,1,107
BRDA:163,8,0,107
BRDA:163,8,1,107
BRDA:165,9,0,0
BRDA:165,9,1,107
BRDA:165,10,0,107
BRDA:165,10,1,107
BRDA:167,11,0,1
BRDA:167,11,1,106
BRDA:167,12,0,107
BRDA:167,12,1,106
BRDA:178,13,0,606
BRDA:182,14,0,0
BRDA:186,15,0,0
BRDA:191,16,0,301
BRDA:191,17,0,606
BRDA:191,17,1,606
BRDA:191,17,2,301
BRDA:202,18,0,606
BRDA:202,18,1,0
BRDA:221,19,0,1271
BRDA:232,20,0,0
BRDA:262,21,0,0
BRDA:268,22,0,0
BRDA:281,23,0,3
BRDA:285,24,0,0
BRDA:285,25,0,3
BRDA:285,25,1,0
BRF:42
BRH:30
end_of_record
TN:
SF:src/secrets.ts
FN:181,calculateEntropy
FN:203,isWhitelisted
FN:204,(anonymous_2)
FN:210,extractContext
FN:224,getLineColumn
FN:236,isFalsePositive
FN:253,(anonymous_6)
FN:259,scanForSecrets
FN:277,(anonymous_8)
FN:359,scanFiles
FN:404,scanDiffForSecrets
FN:450,(anonymous_11)
FN:485,getDefaultSecretPatterns
FN:492,validateSecretPattern
FNF:14
FNH:10
FNDA:2,calculateEntropy
FNDA:5,isWhitelisted
FNDA:0,(anonymous_2)
FNDA:5,extractContext
FNDA:4,getLineColumn
FNDA:5,isFalsePositive
FNDA:53,(anonymous_6)
FNDA:35,scanForSecrets
FNDA:175,(anonymous_8)
FNDA:0,scanFiles
FNDA:4,scanDiffForSecrets
FNDA:4,(anonymous_11)
FNDA:0,getDefaultSecretPatterns
FNDA:0,validateSecretPattern
DA:55,1
DA:182,2
DA:183,2
DA:186,2
DA:187,104
DA:191,2
DA:192,2
DA:193,45
DA:194,45
DA:197,2
DA:204,5
DA:211,5
DA:212,5
DA:213,5
DA:215,5
DA:216,5
DA:218,5
DA:225,4
DA:226,4
DA:227,4
DA:237,5
DA:252,5
DA:253,53
DA:259,1
DA:272,35
DA:274,35
DA:277,175
DA:278,0
DA:282,35
DA:283,35
DA:284,0
DA:288,35
DA:289,0
DA:293,35
DA:294,455
DA:296,455
DA:297,5
DA:299,5
DA:300,5
DA:303,5
DA:304,0
DA:308,5
DA:309,1
DA:312,4
DA:313,4
DA:317,4
DA:318,2
DA:319,2
DA:320,2
DA:321,0
DA:322,0
DA:327,4
DA:328,1
DA:332,4
DA:333,1
DA:336,4
DA:353,35
DA:359,1
DA:363,0
DA:364,0
DA:365,0
DA:366,0
DA:368,0
DA:369,0
DA:370,0
DA:371,0
DA:372,0
DA:373,0
DA:375,0
DA:379,0
DA:381,0
DA:390,0
DA:404,1
DA:408,4
DA:409,4
DA:410,4
DA:412,4
DA:413,4
DA:414,4
DA:415,4
DA:416,4
DA:418,4
DA:419,55
DA:420,55
DA:423,55
DA:424,4
DA:425,4
DA:426,4
DA:427,4
DA:429,4
DA:433,51
DA:434,4
DA:435,4
DA:436,4
DA:438,4
DA:442,47
DA:443,35
DA:444,35
DA:446,35
DA:447,35
DA:450,35
DA:451,4
DA:452,4
DA:455,35
DA:457,12
DA:458,8
DA:462,4
DA:471,0
DA:485,1
DA:486,0
DA:492,1
DA:493,0
DA:495,0
DA:496,0
DA:499,0
DA:500,0
DA:502,0
DA:503,0
DA:505,0
DA:509,0
DA:510,0
DA:513,0
DA:514,0
DA:517,0
DA:518,0
DA:521,0
DA:522,0
DA:523,0
DA:526,0
DA:527,0
DA:531,0
LF:131
LH:89
BRDA:187,0,0,104
BRDA:187,0,1,45
BRDA:210,1,0,5
BRDA:262,2,0,0
BRDA:265,3,0,35
BRDA:266,4,0,35
BRDA:267,5,0,0
BRDA:268,6,0,0
BRDA:269,7,0,33
BRDA:270,8,0,35
BRDA:271,9,0,35
BRDA:277,10,0,0
BRDA:283,11,0,0
BRDA:283,12,0,35
BRDA:283,12,1,35
BRDA:288,13,0,0
BRDA:297,14,0,0
BRDA:303,15,0,0
BRDA:308,16,0,1
BRDA:317,17,0,2
BRDA:317,18,0,4
BRDA:317,18,1,4
BRDA:319,19,0,2
BRDA:319,19,1,0
BRDA:321,20,0,0
BRDA:327,21,0,1
BRDA:332,22,0,1
BRDA:361,23,0,0
BRDA:375,24,0,0
BRDA:375,24,1,0
BRDA:396,25,0,0
BRDA:396,25,1,0
BRDA:406,26,0,0
BRDA:423,27,0,4
BRDA:425,28,0,4
BRDA:433,29,0,4
BRDA:435,30,0,4
BRDA:442,31,0,35
BRDA:442,31,1,12
BRDA:442,32,0,47
BRDA:442,32,1,35
BRDA:446,33,0,35
BRDA:457,34,0,8
BRDA:457,35,0,12
BRDA:457,35,1,8
BRDA:477,36,0,0
BRDA:477,36,1,0
BRDA:495,37,0,0
BRDA:495,38,0,0
BRDA:495,38,1,0
BRDA:499,39,0,0
BRDA:499,39,1,0
BRDA:505,40,0,0
BRDA:505,40,1,0
BRDA:509,41,0,0
BRDA:509,42,0,0
BRDA:509,42,1,0
BRDA:513,43,0,0
BRDA:517,44,0,0
BRDA:517,45,0,0
BRDA:517,45,1,0
BRDA:521,46,0,0
BRDA:522,47,0,0
BRDA:522,48,0,0
BRDA:522,48,1,0
BRDA:526,49,0,0
BRDA:526,50,0,0
BRDA:526,50,1,0
BRF:68
BRH:29
end_of_record
TN:
SF:src/server.ts
FN:68,(anonymous_0)
FN:76,(anonymous_1)
FN:82,(anonymous_2)
FN:118,(anonymous_3)
FN:133,(anonymous_4)
FN:153,(anonymous_5)
FN:155,(anonymous_6)
FN:156,(anonymous_7)
FN:156,(anonymous_8)
FN:181,(anonymous_9)
FN:219,(anonymous_10)
FN:245,(anonymous_11)
FN:285,(anonymous_12)
FN:299,(anonymous_13)
FN:313,(anonymous_14)
FN:327,(anonymous_15)
FN:356,(anonymous_16)
FN:384,(anonymous_17)
FN:397,(anonymous_18)
FN:419,(anonymous_19)
FN:441,(anonymous_20)
FN:454,(anonymous_21)
FN:466,(anonymous_22)
FN:492,(anonymous_23)
FN:515,(anonymous_24)
FN:528,(anonymous_25)
FN:541,(anonymous_26)
FN:564,(anonymous_27)
FN:591,(anonymous_28)
FN:618,(anonymous_29)
FN:640,(anonymous_30)
FN:656,(anonymous_31)
FN:680,(anonymous_32)
FN:701,(anonymous_33)
FNF:34
FNH:0
FNDA:0,(anonymous_0)
FNDA:0,(anonymous_1)
FNDA:0,(anonymous_2)
FNDA:0,(anonymous_3)
FNDA:0,(anonymous_4)
FNDA:0,(anonymous_5)
FNDA:0,(anonymous_6)
FNDA:0,(anonymous_7)
FNDA:0,(anonymous_8)
FNDA:0,(anonymous_9)
FNDA:0,(anonymous_10)
FNDA:0,(anonymous_11)
FNDA:0,(anonymous_12)
FNDA:0,(anonymous_13)
FNDA:0,(anonymous_14)
FNDA:0,(anonymous_15)
FNDA:0,(anonymous_16)
FNDA:0,(anonymous_17)
FNDA:0,(anonymous_18)
FNDA:0,(anonymous_19)
FNDA:0,(anonymous_20)
FNDA:0,(anonymous_21)
FNDA:0,(anonymous_22)
FNDA:0,(anonymous_23)
FNDA:0,(anonymous_24)
FNDA:0,(anonymous_25)
FNDA:0,(anonymous_26)
FNDA:0,(anonymous_27)
FNDA:0,(anonymous_28)
FNDA:0,(anonymous_29)
FNDA:0,(anonymous_30)
FNDA:0,(anonymous_31)
FNDA:0,(anonymous_32)
FNDA:0,(anonymous_33)
DA:53,0
DA:56,0
DA:59,0
DA:62,0
DA:65,0
DA:68,0
DA:69,0
DA:70,0
DA:71,0
DA:72,0
DA:76,0
DA:77,0
DA:78,0
DA:80,0
DA:82,0
DA:83,0
DA:84,0
DA:87,0
DA:91,0
DA:99,0
DA:102,0
DA:105,0
DA:108,0
DA:111,0
DA:112,0
DA:114,0
DA:119,0
DA:120,0
DA:121,0
DA:122,0
DA:124,0
DA:125,0
DA:126,0
DA:130,0
DA:134,0
DA:135,0
DA:136,0
DA:137,0
DA:139,0
DA:145,0
DA:146,0
DA:147,0
DA:151,0
DA:154,0
DA:155,0
DA:156,0
DA:157,0
DA:158,0
DA:159,0
DA:161,0
DA:162,0
DA:164,0
DA:165,0
DA:167,0
DA:168,0
DA:170,0
DA:172,0
DA:173,0
DA:174,0
DA:178,0
DA:182,0
DA:189,0
DA:191,0
DA:199,0
DA:200,0
DA:207,0
DA:209,0
DA:210,0
DA:211,0
DA:215,0
DA:220,0
DA:231,0
DA:232,0
DA:233,0
DA:234,0
DA:235,0
DA:236,0
DA:237,0
DA:240,0
DA:246,0
DA:247,0
DA:248,0
DA:249,0
DA:250,0
DA:255,0
DA:256,0
DA:257,0
DA:259,0
DA:269,0
DA:275,0
DA:276,0
DA:277,0
DA:281,0
DA:286,0
DA:287,0
DA:288,0
DA:289,0
DA:291,0
DA:292,0
DA:293,0
DA:297,0
DA:300,0
DA:301,0
DA:302,0
DA:303,0
DA:305,0
DA:306,0
DA:307,0
DA:311,0
DA:314,0
DA:315,0
DA:316,0
DA:318,0
DA:319,0
DA:320,0
DA:324,0
DA:328,0
DA:329,0
DA:330,0
DA:331,0
DA:332,0
DA:333,0
DA:334,0
DA:335,0
DA:336,0
DA:337,0
DA:339,0
DA:341,0
DA:348,0
DA:349,0
DA:350,0
DA:354,0
DA:357,0
DA:358,0
DA:360,0
DA:361,0
DA:362,0
DA:363,0
DA:364,0
DA:368,0
DA:369,0
DA:371,0
DA:374,0
DA:376,0
DA:377,0
DA:378,0
DA:382,0
DA:385,0
DA:386,0
DA:387,0
DA:389,0
DA:390,0
DA:391,0
DA:395,0
DA:398,0
DA:399,0
DA:401,0
DA:402,0
DA:403,0
DA:404,0
DA:405,0
DA:408,0
DA:409,0
DA:411,0
DA:412,0
DA:413,0
DA:417,0
DA:420,0
DA:421,0
DA:423,0
DA:424,0
DA:425,0
DA:426,0
DA:427,0
DA:430,0
DA:431,0
DA:433,0
DA:434,0
DA:435,0
DA:439,0
DA:442,0
DA:443,0
DA:444,0
DA:446,0
DA:447,0
DA:448,0
DA:452,0
DA:455,0
DA:456,0
DA:458,0
DA:459,0
DA:460,0
DA:461,0
DA:462,0
DA:465,0
DA:466,0
DA:468,0
DA:469,0
DA:470,0
DA:471,0
DA:472,0
DA:475,0
DA:476,0
DA:484,0
DA:485,0
DA:486,0
DA:490,0
DA:493,0
DA:494,0
DA:496,0
DA:497,0
DA:498,0
DA:499,0
DA:500,0
DA:503,0
DA:504,0
DA:506,0
DA:507,0
DA:508,0
DA:513,0
DA:516,0
DA:517,0
DA:518,0
DA:520,0
DA:521,0
DA:522,0
DA:526,0
DA:529,0
DA:530,0
DA:531,0
DA:533,0
DA:534,0
DA:535,0
DA:539,0
DA:542,0
DA:543,0
DA:545,0
DA:546,0
DA:547,0
DA:548,0
DA:549,0
DA:552,0
DA:553,0
DA:555,0
DA:556,0
DA:557,0
DA:561,0
DA:565,0
DA:566,0
DA:568,0
DA:569,0
DA:570,0
DA:571,0
DA:572,0
DA:575,0
DA:576,0
DA:582,0
DA:583,0
DA:584,0
DA:588,0
DA:592,0
DA:593,0
DA:595,0
DA:596,0
DA:597,0
DA:598,0
DA:599,0
DA:602,0
DA:603,0
DA:609,0
DA:610,0
DA:611,0
DA:615,0
DA:619,0
DA:620,0
DA:622,0
DA:623,0
DA:624,0
DA:625,0
DA:626,0
DA:629,0
DA:630,0
DA:632,0
DA:633,0
DA:634,0
DA:638,0
DA:641,0
DA:642,0
DA:643,0
DA:649,0
DA:650,0
DA:651,0
DA:656,0
DA:657,0
DA:660,0
DA:662,0
DA:665,0
DA:675,0
DA:676,0
DA:680,0
DA:681,0
DA:684,0
DA:692,0
DA:699,0
DA:700,0
DA:701,0
DA:702,0
DA:703,0
LF:308
LH:0
BRDA:69,0,0,0
BRDA:69,0,1,0
BRDA:92,1,0,0
BRDA:92,1,1,0
BRDA:124,2,0,0
BRDA:124,2,1,0
BRDA:125,3,0,0
BRDA:125,3,1,0
BRDA:135,4,0,0
BRDA:145,5,0,0
BRDA:145,5,1,0
BRDA:146,6,0,0
BRDA:146,6,1,0
BRDA:155,7,0,0
BRDA:155,7,1,0
BRDA:158,8,0,0
BRDA:161,9,0,0
BRDA:164,10,0,0
BRDA:167,11,0,0
BRDA:172,12,0,0
BRDA:172,12,1,0
BRDA:173,13,0,0
BRDA:173,13,1,0
BRDA:185,14,0,0
BRDA:186,15,0,0
BRDA:187,16,0,0
BRDA:188,17,0,0
BRDA:199,18,0,0
BRDA:199,19,0,0
BRDA:199,19,1,0
BRDA:209,20,0,0
BRDA:209,20,1,0
BRDA:210,21,0,0
BRDA:210,21,1,0
BRDA:223,22,0,0
BRDA:224,23,0,0
BRDA:225,24,0,0
BRDA:229,25,0,0
BRDA:230,26,0,0
BRDA:234,27,0,0
BRDA:234,28,0,0
BRDA:234,28,1,0
BRDA:234,28,2,0
BRDA:234,28,3,0
BRDA:234,28,4,0
BRDA:236,29,0,0
BRDA:236,29,1,0
BRDA:247,30,0,0
BRDA:249,31,0,0
BRDA:256,32,0,0
BRDA:256,33,0,0
BRDA:256,33,1,0
BRDA:256,33,2,0
BRDA:271,34,0,0
BRDA:271,34,1,0
BRDA:272,35,0,0
BRDA:272,35,1,0
BRDA:275,36,0,0
BRDA:275,36,1,0
BRDA:276,37,0,0
BRDA:276,37,1,0
BRDA:291,38,0,0
BRDA:291,38,1,0
BRDA:292,39,0,0
BRDA:292,39,1,0
BRDA:301,40,0,0
BRDA:301,40,1,0
BRDA:302,41,0,0
BRDA:305,42,0,0
BRDA:305,42,1,0
BRDA:306,43,0,0
BRDA:306,43,1,0
BRDA:318,44,0,0
BRDA:318,44,1,0
BRDA:319,45,0,0
BRDA:319,45,1,0
BRDA:329,46,0,0
BRDA:333,47,0,0
BRDA:333,48,0,0
BRDA:333,48,1,0
BRDA:333,48,2,0
BRDA:336,49,0,0
BRDA:336,49,1,0
BRDA:337,50,0,0
BRDA:337,50,1,0
BRDA:348,51,0,0
BRDA:348,51,1,0
BRDA:349,52,0,0
BRDA:349,52,1,0
BRDA:358,53,0,0
BRDA:360,54,0,0
BRDA:360,55,0,0
BRDA:360,55,1,0
BRDA:368,56,0,0
BRDA:368,56,1,0
BRDA:376,57,0,0
BRDA:376,57,1,0
BRDA:377,58,0,0
BRDA:377,58,1,0
BRDA:389,59,0,0
BRDA:389,59,1,0
BRDA:390,60,0,0
BRDA:390,60,1,0
BRDA:401,61,0,0
BRDA:411,62,0,0
BRDA:411,62,1,0
BRDA:412,63,0,0
BRDA:412,63,1,0
BRDA:421,64,0,0
BRDA:423,65,0,0
BRDA:423,66,0,0
BRDA:423,66,1,0
BRDA:433,67,0,0
BRDA:433,67,1,0
BRDA:434,68,0,0
BRDA:434,68,1,0
BRDA:446,69,0,0
BRDA:446,69,1,0
BRDA:447,70,0,0
BRDA:447,70,1,0
BRDA:458,71,0,0
BRDA:458,72,0,0
BRDA:458,72,1,0
BRDA:458,72,2,0
BRDA:468,73,0,0
BRDA:481,74,0,0
BRDA:481,74,1,0
BRDA:484,75,0,0
BRDA:484,75,1,0
BRDA:485,76,0,0
BRDA:485,76,1,0
BRDA:496,77,0,0
BRDA:496,78,0,0
BRDA:496,78,1,0
BRDA:506,79,0,0
BRDA:506,79,1,0
BRDA:507,80,0,0
BRDA:507,80,1,0
BRDA:520,81,0,0
BRDA:520,81,1,0
BRDA:521,82,0,0
BRDA:521,82,1,0
BRDA:533,83,0,0
BRDA:533,83,1,0
BRDA:534,84,0,0
BRDA:534,84,1,0
BRDA:545,85,0,0
BRDA:555,86,0,0
BRDA:555,86,1,0
BRDA:556,87,0,0
BRDA:556,87,1,0
BRDA:568,88,0,0
BRDA:568,89,0,0
BRDA:568,89,1,0
BRDA:582,90,0,0
BRDA:582,90,1,0
BRDA:583,91,0,0
BRDA:583,91,1,0
BRDA:595,92,0,0
BRDA:609,93,0,0
BRDA:609,93,1,0
BRDA:610,94,0,0
BRDA:610,94,1,0
BRDA:622,95,0,0
BRDA:632,96,0,0
BRDA:632,96,1,0
BRDA:633,97,0,0
BRDA:633,97,1,0
BRDA:649,98,0,0
BRDA:649,98,1,0
BRDA:650,99,0,0
BRDA:650,99,1,0
BRDA:657,100,0,0
BRDA:657,100,1,0
BRDA:657,101,0,0
BRDA:657,101,1,0
BRDA:667,102,0,0
BRDA:667,102,1,0
BRDA:668,103,0,0
BRDA:668,103,1,0
BRDA:671,104,0,0
BRDA:671,104,1,0
BRDA:675,105,0,0
BRDA:675,105,1,0
BRDA:675,105,2,0
BRDA:681,106,0,0
BRDA:681,106,1,0
BRDA:681,107,0,0
BRDA:681,107,1,0
BRDA:699,108,0,0
BRDA:700,109,0,0
BRDA:700,109,1,0
BRF:192
BRH:0
end_of_record
TN:
SF:src/middleware/performance.ts
FN:63,(anonymous_0)
FN:88,(anonymous_1)
FN:144,checkPerformanceThresholds
FN:171,updateMemoryMetrics
FN:185,(anonymous_4)
FN:190,(anonymous_5)
FN:193,(anonymous_6)
FN:212,(anonymous_7)
FN:243,getOverallStatus
FN:279,(anonymous_9)
FN:288,(anonymous_10)
FNF:11
FNH:0
FNDA:0,(anonymous_0)
FNDA:0,(anonymous_1)
FNDA:0,checkPerformanceThresholds
FNDA:0,updateMemoryMetrics
FNDA:0,(anonymous_4)
FNDA:0,(anonymous_5)
FNDA:0,(anonymous_6)
FNDA:0,(anonymous_7)
FNDA:0,getOverallStatus
FNDA:0,(anonymous_9)
FNDA:0,(anonymous_10)
DA:40,0
DA:50,0
DA:63,0
DA:64,0
DA:65,0
DA:68,0
DA:69,0
DA:70,0
DA:71,0
DA:75,0
DA:76,0
DA:80,0
DA:82,0
DA:83,0
DA:84,0
DA:85,0
DA:88,0
DA:90,0
DA:93,0
DA:94,0
DA:97,0
DA:98,0
DA:108,0
DA:109,0
DA:110,0
DA:111,0
DA:112,0
DA:113,0
DA:116,0
DA:117,0
DA:118,0
DA:122,0
DA:123,0
DA:124,0
DA:128,0
DA:131,0
DA:135,0
DA:138,0
DA:145,0
DA:148,0
DA:149,0
DA:150,0
DA:151,0
DA:155,0
DA:156,0
DA:157,0
DA:158,0
DA:159,0
DA:163,0
DA:164,0
DA:172,0
DA:173,0
DA:179,0
DA:185,0
DA:186,0
DA:189,0
DA:190,0
DA:191,0
DA:192,0
DA:193,0
DA:194,0
DA:195,0
DA:198,0
DA:201,0
DA:212,0
DA:213,0
DA:215,0
DA:216,0
DA:218,0
DA:244,0
DA:247,0
DA:248,0
DA:250,0
DA:251,0
DA:255,0
DA:256,0
DA:258,0
DA:259,0
DA:263,0
DA:264,0
DA:265,0
DA:266,0
DA:268,0
DA:269,0
DA:273,0
DA:279,0
DA:280,0
DA:282,0
DA:288,0
DA:304,0
DA:308,0
LF:91
LH:0
BRDA:65,0,0,0
BRDA:65,0,1,0
BRDA:70,1,0,0
BRDA:75,2,0,0
BRDA:76,3,0,0
BRDA:76,3,1,0
BRDA:76,4,0,0
BRDA:76,4,1,0
BRDA:97,5,0,0
BRDA:117,6,0,0
BRDA:122,7,0,0
BRDA:124,8,0,0
BRDA:124,8,1,0
BRDA:131,9,0,0
BRDA:131,9,1,0
BRDA:131,10,0,0
BRDA:131,10,1,0
BRDA:148,11,0,0
BRDA:148,11,1,0
BRDA:150,12,0,0
BRDA:156,13,0,0
BRDA:156,13,1,0
BRDA:158,14,0,0
BRDA:163,15,0,0
BRDA:192,16,0,0
BRDA:195,17,0,0
BRDA:195,17,1,0
BRDA:216,18,0,0
BRDA:216,18,1,0
BRDA:216,19,0,0
BRDA:216,19,1,0
BRDA:223,20,0,0
BRDA:223,20,1,0
BRDA:224,21,0,0
BRDA:224,21,1,0
BRDA:247,22,0,0
BRDA:250,23,0,0
BRDA:255,24,0,0
BRDA:258,25,0,0
BRDA:265,26,0,0
BRDA:268,27,0,0
BRF:41
BRH:0
end_of_record
TN:
SF:src/middleware/security.ts
FN:34,(anonymous_0)
FN:87,(anonymous_1)
FN:116,sanitizeObject
FN:144,(anonymous_3)
FN:149,(anonymous_4)
FN:347,(anonymous_5)
FN:348,(anonymous_6)
FN:356,(anonymous_7)
FN:367,(anonymous_8)
FNF:9
FNH:0
FNDA:0,(anonymous_0)
FNDA:0,(anonymous_1)
FNDA:0,sanitizeObject
FNDA:0,(anonymous_3)
FNDA:0,(anonymous_4)
FNDA:0,(anonymous_5)
FNDA:0,(anonymous_6)
FNDA:0,(anonymous_7)
FNDA:0,(anonymous_8)
DA:15,0
DA:16,0
DA:21,0
DA:36,0
DA:43,0
DA:61,0
DA:87,0
DA:88,0
DA:90,0
DA:91,0
DA:95,0
DA:96,0
DA:100,0
DA:101,0
DA:104,0
DA:106,0
DA:107,0
DA:108,0
DA:109,0
DA:117,0
DA:118,0
DA:121,0
DA:122,0
DA:125,0
DA:126,0
DA:129,0
DA:130,0
DA:131,0
DA:132,0
DA:133,0
DA:135,0
DA:138,0
DA:144,0
DA:145,0
DA:146,0
DA:147,0
DA:149,0
DA:150,0
DA:151,0
DA:152,0
DA:154,0
DA:156,0
DA:162,0
DA:186,0
DA:201,0
DA:216,0
DA:278,0
DA:310,0
DA:347,0
DA:348,0
DA:349,0
DA:350,0
DA:351,0
DA:353,0
DA:356,0
DA:357,0
DA:360,0
DA:367,0
DA:368,0
DA:369,0
DA:371,0
LF:61
LH:0
BRDA:90,0,0,0
BRDA:90,1,0,0
BRDA:90,1,1,0
BRDA:95,2,0,0
BRDA:100,3,0,0
BRDA:117,4,0,0
BRDA:121,5,0,0
BRDA:121,6,0,0
BRDA:121,6,1,0
BRDA:121,6,2,0
BRDA:125,7,0,0
BRDA:129,8,0,0
BRDA:146,9,0,0
BRDA:147,10,0,0
BRDA:147,10,1,0
BRDA:349,11,0,0
BRDA:349,11,1,0
BRDA:350,12,0,0
BRDA:350,12,1,0
BRDA:350,12,2,0
BRDA:351,13,0,0
BRDA:351,13,1,0
BRDA:368,14,0,0
BRDA:368,15,0,0
BRDA:368,15,1,0
BRDA:368,15,2,0
BRF:26
BRH:0
end_of_record
TN:
SF:src/types/api.ts
FN:28,(anonymous_0)
FNF:1
FNH:0
FNDA:0,(anonymous_0)
DA:28,0
DA:30,0
DA:31,0
DA:32,0
DA:33,0
DA:34,0
DA:35,0
DA:38,0
DA:39,0
DA:40,0
DA:41,0
DA:42,0
DA:43,0
DA:44,0
DA:45,0
DA:46,0
DA:49,0
DA:50,0
DA:51,0
DA:52,0
DA:55,0
DA:56,0
DA:59,0
DA:60,0
DA:63,0
DA:64,0
LF:26
LH:0
BRDA:28,0,0,0
BRDA:28,0,1,0
BRF:2
BRH:0
end_of_record
